2025-04-04 07:15:20.757878 - Received CBT.V508.FILE283.PDS from FILE283.XMI 
2025-04-04 07:15:20.764068 - Found $$$#DATE.txt (text/plain) in CBT.V508.FILE283.PDS, moved to PDS/$$$#DATE
2025-04-04 07:15:20.764224 - Found @FILE283.txt (text/plain) in CBT.V508.FILE283.PDS, moved to PDS/@FILE283
2025-04-04 07:15:20.764351 - Found AD.t (text/troff) in CBT.V508.FILE283.PDS, moved to PDS/AD
2025-04-04 07:15:20.764480 - Found AP.bin (application/octet-stream) in CBT.V508.FILE283.PDS, moved to PDS/AP
2025-04-04 07:15:20.764600 - Found APDIXCTL.txt (text/plain) in CBT.V508.FILE283.PDS, moved to PDS/APDIXCTL
2025-04-04 07:15:20.764720 - Found APENDIXA.t (text/troff) in CBT.V508.FILE283.PDS, moved to PDS/APENDIXA
2025-04-04 07:15:20.764837 - Found APENDIXB.t (text/troff) in CBT.V508.FILE283.PDS, moved to PDS/APENDIXB
2025-04-04 07:15:20.764959 - Found APENDIXC.t (text/troff) in CBT.V508.FILE283.PDS, moved to PDS/APENDIXC
2025-04-04 07:15:20.765083 - Found APENDIXD.t (text/troff) in CBT.V508.FILE283.PDS, moved to PDS/APENDIXD
2025-04-04 07:15:20.765194 - Found APENDIXE.t (text/troff) in CBT.V508.FILE283.PDS, moved to PDS/APENDIXE
2025-04-04 07:15:20.765303 - Found APENDIXF.bin (application/octet-stream) in CBT.V508.FILE283.PDS, moved to PDS/APENDIXF
2025-04-04 07:15:20.765544 - Found APENDIXG.t (text/troff) in CBT.V508.FILE283.PDS, moved to PDS/APENDIXG
2025-04-04 07:15:20.765652 - Found APENDIXH.bin (application/octet-stream) in CBT.V508.FILE283.PDS, moved to PDS/APENDIXH
2025-04-04 07:15:20.765768 - Found APENDIXI.t (text/troff) in CBT.V508.FILE283.PDS, moved to PDS/APENDIXI
2025-04-04 07:15:20.765882 - Found APENDIXX.t (text/troff) in CBT.V508.FILE283.PDS, moved to PDS/APENDIXX
2025-04-04 07:15:20.765993 - Found AR.bin (application/octet-stream) in CBT.V508.FILE283.PDS, moved to PDS/AR
2025-04-04 07:15:20.766102 - Found BC.t (text/troff) in CBT.V508.FILE283.PDS, moved to PDS/BC
2025-04-04 07:15:20.766225 - Found BLANKPG.bin (application/octet-stream) in CBT.V508.FILE283.PDS, moved to PDS/BLANKPG
2025-04-04 07:15:20.766353 - Found BM.bin (application/octet-stream) in CBT.V508.FILE283.PDS, moved to PDS/BM
2025-04-04 07:15:20.766475 - Found BR.t (text/troff) in CBT.V508.FILE283.PDS, moved to PDS/BR
2025-04-04 07:15:20.766584 - Found BS.t (text/troff) in CBT.V508.FILE283.PDS, moved to PDS/BS
2025-04-04 07:15:20.766696 - Found BT.bin (application/octet-stream) in CBT.V508.FILE283.PDS, moved to PDS/BT
2025-04-04 07:15:20.766812 - Found BX.t (text/troff) in CBT.V508.FILE283.PDS, moved to PDS/BX
2025-04-04 07:15:20.766925 - Found CB.txt (text/plain) in CBT.V508.FILE283.PDS, moved to PDS/CB
2025-04-04 07:15:20.767035 - Found CC.t (text/troff) in CBT.V508.FILE283.PDS, moved to PDS/CC
2025-04-04 07:15:20.767149 - Found CD.t (text/troff) in CBT.V508.FILE283.PDS, moved to PDS/CD
2025-04-04 07:15:20.767297 - Found CE.t (text/troff) in CBT.V508.FILE283.PDS, moved to PDS/CE
2025-04-04 07:15:20.767456 - Found CL.t (text/troff) in CBT.V508.FILE283.PDS, moved to PDS/CL
2025-04-04 07:15:20.767680 - Found CM.t (text/troff) in CBT.V508.FILE283.PDS, moved to PDS/CM
2025-04-04 07:15:20.767798 - Found CMSSCR.bin (application/octet-stream) in CBT.V508.FILE283.PDS, moved to PDS/CMSSCR
2025-04-04 07:15:20.767907 - Found CO.bin (application/octet-stream) in CBT.V508.FILE283.PDS, moved to PDS/CO
2025-04-04 07:15:20.768018 - Found CONTENTS.t (text/troff) in CBT.V508.FILE283.PDS, moved to PDS/CONTENTS
2025-04-04 07:15:20.768129 - Found CORRTRAN.t (text/troff) in CBT.V508.FILE283.PDS, moved to PDS/CORRTRAN
2025-04-04 07:15:20.768241 - Found CP.bin (application/octet-stream) in CBT.V508.FILE283.PDS, moved to PDS/CP
2025-04-04 07:15:20.768364 - Found CR.t (text/troff) in CBT.V508.FILE283.PDS, moved to PDS/CR
2025-04-04 07:15:20.768474 - Found CRINPUT.t (text/troff) in CBT.V508.FILE283.PDS, moved to PDS/CRINPUT
2025-04-04 07:15:20.768587 - Found CS.bin (application/octet-stream) in CBT.V508.FILE283.PDS, moved to PDS/CS
2025-04-04 07:15:20.768712 - Found CW.t (text/troff) in CBT.V508.FILE283.PDS, moved to PDS/CW
2025-04-04 07:15:20.768832 - Found DA.t (text/troff) in CBT.V508.FILE283.PDS, moved to PDS/DA
2025-04-04 07:15:20.768938 - Found DC.txt (text/plain) in CBT.V508.FILE283.PDS, moved to PDS/DC
2025-04-04 07:15:20.769042 - Found DH.t (text/troff) in CBT.V508.FILE283.PDS, moved to PDS/DH
2025-04-04 07:15:20.769148 - Found DM.bin (application/octet-stream) in CBT.V508.FILE283.PDS, moved to PDS/DM
2025-04-04 07:15:20.769258 - Found DO.bin (application/octet-stream) in CBT.V508.FILE283.PDS, moved to PDS/DO
2025-04-04 07:15:20.769373 - Found DS.t (text/troff) in CBT.V508.FILE283.PDS, moved to PDS/DS
2025-04-04 07:15:20.769490 - Found EB.bin (application/octet-stream) in CBT.V508.FILE283.PDS, moved to PDS/EB
2025-04-04 07:15:20.769600 - Found EF.t (text/troff) in CBT.V508.FILE283.PDS, moved to PDS/EF
2025-04-04 07:15:20.769709 - Found EL.t (text/troff) in CBT.V508.FILE283.PDS, moved to PDS/EL
2025-04-04 07:15:20.769833 - Found EM.bin (application/octet-stream) in CBT.V508.FILE283.PDS, moved to PDS/EM
2025-04-04 07:15:20.769941 - Found EN.bin (application/octet-stream) in CBT.V508.FILE283.PDS, moved to PDS/EN
2025-04-04 07:15:20.770055 - Found EP.txt (text/plain) in CBT.V508.FILE283.PDS, moved to PDS/EP
2025-04-04 07:15:20.770161 - Found ER.t (text/troff) in CBT.V508.FILE283.PDS, moved to PDS/ER
2025-04-04 07:15:20.770521 - Found ERRORS.bin (application/octet-stream) in CBT.V508.FILE283.PDS, moved to PDS/ERRORS
2025-04-04 07:15:20.770645 - Found ET.bin (application/octet-stream) in CBT.V508.FILE283.PDS, moved to PDS/ET
2025-04-04 07:15:20.770781 - Found EZ.txt (text/plain) in CBT.V508.FILE283.PDS, moved to PDS/EZ
2025-04-04 07:15:20.770900 - Found FB.bin (application/octet-stream) in CBT.V508.FILE283.PDS, moved to PDS/FB
2025-04-04 07:15:20.771025 - Found FCLIST.t (text/troff) in CBT.V508.FILE283.PDS, moved to PDS/FCLIST
2025-04-04 07:15:20.771134 - Found FD.t (text/troff) in CBT.V508.FILE283.PDS, moved to PDS/FD
2025-04-04 07:15:20.771246 - Found FE.t (text/troff) in CBT.V508.FILE283.PDS, moved to PDS/FE
2025-04-04 07:15:20.771355 - Found FK.bin (application/octet-stream) in CBT.V508.FILE283.PDS, moved to PDS/FK
2025-04-04 07:15:20.771474 - Found FM.bin (application/octet-stream) in CBT.V508.FILE283.PDS, moved to PDS/FM
2025-04-04 07:15:20.771585 - Found FN.bin (application/octet-stream) in CBT.V508.FILE283.PDS, moved to PDS/FN
2025-04-04 07:15:20.771695 - Found FO.bin (application/octet-stream) in CBT.V508.FILE283.PDS, moved to PDS/FO
2025-04-04 07:15:20.771809 - Found FS.bin (application/octet-stream) in CBT.V508.FILE283.PDS, moved to PDS/FS
2025-04-04 07:15:20.771938 - Found FV.t (text/troff) in CBT.V508.FILE283.PDS, moved to PDS/FV
2025-04-04 07:15:20.772045 - Found GO.txt (text/plain) in CBT.V508.FILE283.PDS, moved to PDS/GO
2025-04-04 07:15:20.772155 - Found HD.t (text/troff) in CBT.V508.FILE283.PDS, moved to PDS/HD
2025-04-04 07:15:20.772265 - Found HE.bin (application/octet-stream) in CBT.V508.FILE283.PDS, moved to PDS/HE
2025-04-04 07:15:20.772373 - Found HEADER.txt (text/plain) in CBT.V508.FILE283.PDS, moved to PDS/HEADER
2025-04-04 07:15:20.772486 - Found HI.t (text/troff) in CBT.V508.FILE283.PDS, moved to PDS/HI
2025-04-04 07:15:20.772614 - Found HL.t (text/troff) in CBT.V508.FILE283.PDS, moved to PDS/HL
2025-04-04 07:15:20.772733 - Found HM.bin (application/octet-stream) in CBT.V508.FILE283.PDS, moved to PDS/HM
2025-04-04 07:15:20.772854 - Found HN.t (text/troff) in CBT.V508.FILE283.PDS, moved to PDS/HN
2025-04-04 07:15:20.772977 - Found HS.bin (application/octet-stream) in CBT.V508.FILE283.PDS, moved to PDS/HS
2025-04-04 07:15:20.773081 - Found HV.t (text/troff) in CBT.V508.FILE283.PDS, moved to PDS/HV
2025-04-04 07:15:20.773189 - Found HW.t (text/troff) in CBT.V508.FILE283.PDS, moved to PDS/HW
2025-04-04 07:15:20.773299 - Found HY.bin (application/octet-stream) in CBT.V508.FILE283.PDS, moved to PDS/HY
2025-04-04 07:15:20.773405 - Found H0.t (text/troff) in CBT.V508.FILE283.PDS, moved to PDS/H0
2025-04-04 07:15:20.773518 - Found IF.t (text/troff) in CBT.V508.FILE283.PDS, moved to PDS/IF
2025-04-04 07:15:20.773636 - Found IL.t (text/troff) in CBT.V508.FILE283.PDS, moved to PDS/IL
2025-04-04 07:15:20.773755 - Found IM.t (text/troff) in CBT.V508.FILE283.PDS, moved to PDS/IM
2025-04-04 07:15:20.773862 - Found IN.t (text/troff) in CBT.V508.FILE283.PDS, moved to PDS/IN
2025-04-04 07:15:20.773969 - Found IX.bin (application/octet-stream) in CBT.V508.FILE283.PDS, moved to PDS/IX
2025-04-04 07:15:20.774083 - Found JU.bin (application/octet-stream) in CBT.V508.FILE283.PDS, moved to PDS/JU
2025-04-04 07:15:20.774189 - Found LA.t (text/troff) in CBT.V508.FILE283.PDS, moved to PDS/LA
2025-04-04 07:15:20.774294 - Found LB.bin (application/octet-stream) in CBT.V508.FILE283.PDS, moved to PDS/LB
2025-04-04 07:15:20.774398 - Found LE.bin (application/octet-stream) in CBT.V508.FILE283.PDS, moved to PDS/LE
2025-04-04 07:15:20.774509 - Found LI.t (text/troff) in CBT.V508.FILE283.PDS, moved to PDS/LI
2025-04-04 07:15:20.774629 - Found LL.bin (application/octet-stream) in CBT.V508.FILE283.PDS, moved to PDS/LL
2025-04-04 07:15:20.774744 - Found LN.t (text/troff) in CBT.V508.FILE283.PDS, moved to PDS/LN
2025-04-04 07:15:20.774848 - Found LS.bin (application/octet-stream) in CBT.V508.FILE283.PDS, moved to PDS/LS
2025-04-04 07:15:20.774958 - Found MC.txt (text/plain) in CBT.V508.FILE283.PDS, moved to PDS/MC
2025-04-04 07:15:20.775090 - Found MS.t (text/troff) in CBT.V508.FILE283.PDS, moved to PDS/MS
2025-04-04 07:15:20.775205 - Found NC.t (text/troff) in CBT.V508.FILE283.PDS, moved to PDS/NC
2025-04-04 07:15:20.775310 - Found NF.t (text/troff) in CBT.V508.FILE283.PDS, moved to PDS/NF
2025-04-04 07:15:20.775417 - Found NJ.t (text/troff) in CBT.V508.FILE283.PDS, moved to PDS/NJ
2025-04-04 07:15:20.775523 - Found NL.bin (application/octet-stream) in CBT.V508.FILE283.PDS, moved to PDS/NL
2025-04-04 07:15:20.775635 - Found NSCRFC1.t (text/troff) in CBT.V508.FILE283.PDS, moved to PDS/NSCRFC1
2025-04-04 07:15:20.775758 - Found OB.bin (application/octet-stream) in CBT.V508.FILE283.PDS, moved to PDS/OB
2025-04-04 07:15:20.775869 - Found OC.t (text/troff) in CBT.V508.FILE283.PDS, moved to PDS/OC
2025-04-04 07:15:20.775978 - Found OF.bin (application/octet-stream) in CBT.V508.FILE283.PDS, moved to PDS/OF
2025-04-04 07:15:20.776089 - Found OFFSCR.t (text/troff) in CBT.V508.FILE283.PDS, moved to PDS/OFFSCR
2025-04-04 07:15:20.776211 - Found OJ.t (text/troff) in CBT.V508.FILE283.PDS, moved to PDS/OJ
2025-04-04 07:15:20.776328 - Found ONTERM.txt (text/plain) in CBT.V508.FILE283.PDS, moved to PDS/ONTERM
2025-04-04 07:15:20.776436 - Found OO.t (text/troff) in CBT.V508.FILE283.PDS, moved to PDS/OO
2025-04-04 07:15:20.776549 - Found OP.txt (text/plain) in CBT.V508.FILE283.PDS, moved to PDS/OP
2025-04-04 07:15:20.776666 - Found OPTIONS.bin (application/octet-stream) in CBT.V508.FILE283.PDS, moved to PDS/OPTIONS
2025-04-04 07:15:20.776790 - Found OT.bin (application/octet-stream) in CBT.V508.FILE283.PDS, moved to PDS/OT
2025-04-04 07:15:20.776897 - Found OV.t (text/troff) in CBT.V508.FILE283.PDS, moved to PDS/OV
2025-04-04 07:15:20.777004 - Found PA.bin (application/octet-stream) in CBT.V508.FILE283.PDS, moved to PDS/PA
2025-04-04 07:15:20.777125 - Found PD.txt (text/plain) in CBT.V508.FILE283.PDS, moved to PDS/PD
2025-04-04 07:15:20.777234 - Found PE.t (text/troff) in CBT.V508.FILE283.PDS, moved to PDS/PE
2025-04-04 07:15:20.777339 - Found PI.t (text/troff) in CBT.V508.FILE283.PDS, moved to PDS/PI
2025-04-04 07:15:20.777443 - Found PL.bin (application/octet-stream) in CBT.V508.FILE283.PDS, moved to PDS/PL
2025-04-04 07:15:20.777547 - Found PN.bin (application/octet-stream) in CBT.V508.FILE283.PDS, moved to PDS/PN
2025-04-04 07:15:20.777654 - Found PP.t (text/troff) in CBT.V508.FILE283.PDS, moved to PDS/PP
2025-04-04 07:15:20.777762 - Found PR.txt (text/plain) in CBT.V508.FILE283.PDS, moved to PDS/PR
2025-04-04 07:15:20.777889 - Found PREFACE.t (text/troff) in CBT.V508.FILE283.PDS, moved to PDS/PREFACE
2025-04-04 07:15:20.777996 - Found PS.t (text/troff) in CBT.V508.FILE283.PDS, moved to PDS/PS
2025-04-04 07:15:20.778105 - Found PT.t (text/troff) in CBT.V508.FILE283.PDS, moved to PDS/PT
2025-04-04 07:15:20.778231 - Found PU.bin (application/octet-stream) in CBT.V508.FILE283.PDS, moved to PDS/PU
2025-04-04 07:15:20.778341 - Found PURPOSE.t (text/troff) in CBT.V508.FILE283.PDS, moved to PDS/PURPOSE
2025-04-04 07:15:20.778456 - Found PV.txt (text/plain) in CBT.V508.FILE283.PDS, moved to PDS/PV
2025-04-04 07:15:20.778564 - Found QQ.t (text/troff) in CBT.V508.FILE283.PDS, moved to PDS/QQ
2025-04-04 07:15:20.778672 - Found QU.t (text/troff) in CBT.V508.FILE283.PDS, moved to PDS/QU
2025-04-04 07:15:20.778774 - Found RA.t (text/troff) in CBT.V508.FILE283.PDS, moved to PDS/RA
2025-04-04 07:15:20.778896 - Found RC.t (text/troff) in CBT.V508.FILE283.PDS, moved to PDS/RC
2025-04-04 07:15:20.779007 - Found RD.bin (application/octet-stream) in CBT.V508.FILE283.PDS, moved to PDS/RD
2025-04-04 07:15:20.779131 - Found RE.txt (text/plain) in CBT.V508.FILE283.PDS, moved to PDS/RE
2025-04-04 07:15:20.779239 - Found REF$.txt (text/plain) in CBT.V508.FILE283.PDS, moved to PDS/REF$
2025-04-04 07:15:20.779353 - Found REFALPH.t (text/troff) in CBT.V508.FILE283.PDS, moved to PDS/REFALPH
2025-04-04 07:15:20.779464 - Found REFERENC.txt (text/plain) in CBT.V508.FILE283.PDS, moved to PDS/REFERENC
2025-04-04 07:15:20.779579 - Found REFINTRO.bin (application/octet-stream) in CBT.V508.FILE283.PDS, moved to PDS/REFINTRO
2025-04-04 07:15:20.779687 - Found RM.bin (application/octet-stream) in CBT.V508.FILE283.PDS, moved to PDS/RM
2025-04-04 07:15:20.779791 - Found RO.bin (application/octet-stream) in CBT.V508.FILE283.PDS, moved to PDS/RO
2025-04-04 07:15:20.779902 - Found RV.t (text/troff) in CBT.V508.FILE283.PDS, moved to PDS/RV
2025-04-04 07:15:20.780012 - Found SA.txt (text/plain) in CBT.V508.FILE283.PDS, moved to PDS/SA
2025-04-04 07:15:20.780136 - Found SC.txt (text/plain) in CBT.V508.FILE283.PDS, moved to PDS/SC
2025-04-04 07:15:20.780275 - Found SCRDOC.t (text/troff) in CBT.V508.FILE283.PDS, moved to PDS/SCRDOC
2025-04-04 07:15:20.781147 - Found SCRINTRO.txt (text/plain) in CBT.V508.FILE283.PDS, moved to PDS/SCRINTRO
2025-04-04 07:15:20.781271 - Found SCRIPT.txt (text/plain) in CBT.V508.FILE283.PDS, moved to PDS/SCRIPT
2025-04-04 07:15:20.781383 - Found SCRIPTCD.txt (text/plain) in CBT.V508.FILE283.PDS, moved to PDS/SCRIPTCD
2025-04-04 07:15:20.781497 - Found SCRIPTNI.txt (text/plain) in CBT.V508.FILE283.PDS, moved to PDS/SCRIPTNI
2025-04-04 07:15:20.781610 - Found SCRIPTUP.t (text/troff) in CBT.V508.FILE283.PDS, moved to PDS/SCRIPTUP
2025-04-04 07:15:20.781718 - Found SE.t (text/troff) in CBT.V508.FILE283.PDS, moved to PDS/SE
2025-04-04 07:15:20.781823 - Found SETADD.txt (text/plain) in CBT.V508.FILE283.PDS, moved to PDS/SETADD
2025-04-04 07:15:20.781929 - Found SI.t (text/troff) in CBT.V508.FILE283.PDS, moved to PDS/SI
2025-04-04 07:15:20.782036 - Found SK.bin (application/octet-stream) in CBT.V508.FILE283.PDS, moved to PDS/SK
2025-04-04 07:15:20.782139 - Found SP.t (text/troff) in CBT.V508.FILE283.PDS, moved to PDS/SP
2025-04-04 07:15:20.782260 - Found SR.t (text/troff) in CBT.V508.FILE283.PDS, moved to PDS/SR
2025-04-04 07:15:20.782368 - Found SS.t (text/troff) in CBT.V508.FILE283.PDS, moved to PDS/SS
2025-04-04 07:15:20.782477 - Found SU.t (text/troff) in CBT.V508.FILE283.PDS, moved to PDS/SU
2025-04-04 07:15:20.782606 - Found SUPER.txt (text/plain) in CBT.V508.FILE283.PDS, moved to PDS/SUPER
2025-04-04 07:15:20.782718 - Found SUPERT.txt (text/plain) in CBT.V508.FILE283.PDS, moved to PDS/SUPERT
2025-04-04 07:15:20.782829 - Found SY.t (text/troff) in CBT.V508.FILE283.PDS, moved to PDS/SY
2025-04-04 07:15:20.782946 - Found SYSEZ.txt (text/plain) in CBT.V508.FILE283.PDS, moved to PDS/SYSEZ
2025-04-04 07:15:20.783059 - Found SYSPUB.txt (text/plain) in CBT.V508.FILE283.PDS, moved to PDS/SYSPUB
2025-04-04 07:15:20.783179 - Found SYSPUBMN.txt (text/plain) in CBT.V508.FILE283.PDS, moved to PDS/SYSPUBMN
2025-04-04 07:15:20.783291 - Found TB.t (text/troff) in CBT.V508.FILE283.PDS, moved to PDS/TB
2025-04-04 07:15:20.783413 - Found TC.t (text/troff) in CBT.V508.FILE283.PDS, moved to PDS/TC
2025-04-04 07:15:20.783530 - Found TE.bin (application/octet-stream) in CBT.V508.FILE283.PDS, moved to PDS/TE
2025-04-04 07:15:20.783644 - Found TH.t (text/troff) in CBT.V508.FILE283.PDS, moved to PDS/TH
2025-04-04 07:15:20.783767 - Found TI.bin (application/octet-stream) in CBT.V508.FILE283.PDS, moved to PDS/TI
2025-04-04 07:15:20.783882 - Found TM.bin (application/octet-stream) in CBT.V508.FILE283.PDS, moved to PDS/TM
2025-04-04 07:15:20.783991 - Found TR.t (text/troff) in CBT.V508.FILE283.PDS, moved to PDS/TR
2025-04-04 07:15:20.784098 - Found TSOSCR.txt (text/plain) in CBT.V508.FILE283.PDS, moved to PDS/TSOSCR
2025-04-04 07:15:20.784201 - Found TT.bin (application/octet-stream) in CBT.V508.FILE283.PDS, moved to PDS/TT
2025-04-04 07:15:20.784307 - Found TY.txt (text/plain) in CBT.V508.FILE283.PDS, moved to PDS/TY
2025-04-04 07:15:20.784429 - Found UC.t (text/troff) in CBT.V508.FILE283.PDS, moved to PDS/UC
2025-04-04 07:15:20.784538 - Found UD.t (text/troff) in CBT.V508.FILE283.PDS, moved to PDS/UD
2025-04-04 07:15:20.784661 - Found UL.t (text/troff) in CBT.V508.FILE283.PDS, moved to PDS/UL
2025-04-04 07:15:20.784779 - Found UN.t (text/troff) in CBT.V508.FILE283.PDS, moved to PDS/UN
2025-04-04 07:15:20.784882 - Found UP.t (text/troff) in CBT.V508.FILE283.PDS, moved to PDS/UP
2025-04-04 07:15:20.784987 - Found UR.bin (application/octet-stream) in CBT.V508.FILE283.PDS, moved to PDS/UR
2025-04-04 07:15:20.785091 - Found US.t (text/troff) in CBT.V508.FILE283.PDS, moved to PDS/US
2025-04-04 07:15:20.785195 - Found WD.t (text/troff) in CBT.V508.FILE283.PDS, moved to PDS/WD
